[debug] [2019-06-27T21:55:39.881Z] ----------------------------------------------------------------------
[debug] [2019-06-27T21:55:39.884Z] Command:       C:\Program Files\nodejs\node.exe C:\Users\Rachel\AppData\Roaming\npm\node_modules\firebase-tools\lib\bin\firebase.js serve
[debug] [2019-06-27T21:55:39.884Z] CLI Version:   6.10.0
[debug] [2019-06-27T21:55:39.885Z] Platform:      win32
[debug] [2019-06-27T21:55:39.885Z] Node Version:  v10.15.3
[debug] [2019-06-27T21:55:39.886Z] Time:          Thu Jun 27 2019 15:55:39 GMT-0600 (Mountain Daylight Time)
[debug] [2019-06-27T21:55:39.886Z] ----------------------------------------------------------------------
[debug] 
[debug] [2019-06-27T21:55:39.900Z] > command requires scopes: ["email","openid","https://www.googleapis.com/auth/cloudplatformprojects.readonly","https://www.googleapis.com/auth/firebase","https://www.googleapis.com/auth/cloud-platform"]
[debug] [2019-06-27T21:55:39.901Z] > authorizing via signed-in user
[debug] [2019-06-27T21:55:39.901Z] [iam] checking project antibuddies-274a7 for permissions ["firebase.projects.get"]
[debug] [2019-06-27T21:55:39.904Z] >>> HTTP REQUEST POST https://cloudresourcemanager.googleapis.com/v1/projects/antibuddies-274a7:testIamPermissions  

[debug] [2019-06-27T21:55:40.316Z] <<< HTTP RESPONSE 200
[debug] [2019-06-27T21:55:40.325Z] >>> HTTP REQUEST GET https://cloudresourcemanager.googleapis.com/v1/projects/antibuddies-274a7  
 
[debug] [2019-06-27T21:55:40.684Z] <<< HTTP RESPONSE 200
[info] 
[info] === Serving from 'C:\Users\Rachel\Documents\CS4450\project\AntiBuddies-'...
[info] 
[debug] [2019-06-27T21:55:40.694Z] >>> HTTP REQUEST GET https://mobilesdk-pa.googleapis.com/v1/projects/381052059704/clients/_:getWebAppConfig  
 
[debug] [2019-06-27T21:55:40.959Z] <<< HTTP RESPONSE 200
[info] i  hosting: Serving hosting files from: public
[info] +  hosting: Local server: http://localhost:5000
